2025-05-24 17:57:20,019 - INFO - 使用默认配置
2025-05-24 17:57:20,022 - INFO - 开始抓取任务，目标URLs: 1, 最大页面: 5
2025-05-24 17:57:20,023 - INFO - 处理URL: https://www3.nhk.or.jp/news/easy/
2025-05-24 17:57:20,024 - INFO - 访问NHK主页: https://www3.nhk.or.jp/news/easy/
2025-05-24 17:57:20,229 - INFO - 找到 5 个文章链接
2025-05-24 17:57:20,230 - INFO - 抓取文章: https://www3.nhk.or.jp/news/easy/article/disaster_snow.html
2025-05-24 17:57:20,383 - INFO - 成功抓取: 雪がたくさん降ったときに気をつけること | NHKやさしいこ... (内容: 1894 字符)
2025-05-24 17:57:20,384 - INFO - 模拟保存成功: 雪がたくさん降ったときに気をつけること | NHKやさしいこ...
2025-05-24 17:57:21,888 - INFO - 抓取文章: https://www3.nhk.or.jp/news/easy/article/disaster_heat.html
2025-05-24 17:57:22,040 - INFO - 成功抓取: 熱中症にならないために気をつけること | NHKやさしいこと... (内容: 1960 字符)
2025-05-24 17:57:22,052 - INFO - 模拟保存成功: 熱中症にならないために気をつけること | NHKやさしいこと...
2025-05-24 17:57:23,553 - INFO - 抓取文章: https://www3.nhk.or.jp/news/easy/article/disaster_tornado.html
2025-05-24 17:57:23,692 - INFO - 成功抓取: 竜巻や突風・雷のときに気をつけること | NHKやさしいこと... (内容: 1306 字符)
2025-05-24 17:57:23,693 - INFO - 模拟保存成功: 竜巻や突風・雷のときに気をつけること | NHKやさしいこと...
2025-05-24 17:57:25,194 - INFO - 抓取文章: https://www3.nhk.or.jp/news/easy/article/disaster_rain.html
2025-05-24 17:57:25,326 - INFO - 成功抓取: 雨がたくさん降っているときに気をつけること | NHKやさし... (内容: 2193 字符)
2025-05-24 17:57:25,328 - INFO - 模拟保存成功: 雨がたくさん降っているときに気をつけること | NHKやさし...
2025-05-24 17:57:26,829 - INFO - 抓取文章: https://www3.nhk.or.jp/news/easy/article/disaster_tsunami.html
2025-05-24 17:57:26,972 - INFO - 成功抓取: 津波　すぐ逃げて | NHKやさしいことばニュース | NE... (内容: 1411 字符)
2025-05-24 17:57:26,973 - INFO - 模拟保存成功: 津波　すぐ逃げて | NHKやさしいことばニュース | NE...
2025-05-24 17:57:28,475 - INFO - 抓取任务完成！共处理 5 篇文章
2025-05-24 17:57:28,476 - INFO - 结果已保存到: final_scraping_results.json
